<?xml version="1.0" encoding="UTF-8"?>
<testsuite name="practical1.NumberToolsTest" tests="2" skipped="0" failures="0" errors="0" timestamp="2022-09-30T16:34:00" hostname="d123151.stir.ac.uk" time="0.03">
  <properties/>
  <testcase name="testParse" classname="practical1.NumberToolsTest" time="0.01"/>
  <testcase name="testComputeStatistic" classname="practical1.NumberToolsTest" time="0.019"/>
  <system-out><![CDATA[]]></system-out>
  <system-err><![CDATA[]]></system-err>
</testsuite>
